<?xml version="1.0" encoding="UTF-8"?>
<!-- Generated by org.testng.reporters.JUnitXMLReporter -->
<testsuite hostname="DESKTOP-QH19QR8" ignored="0" name="api_test.Miscelaneo" tests="3" failures="0" timestamp="13 dic 2021 05:17:42 GMT" time="6.783" errors="0">
  <testcase name="Test_404" time="4.084" classname="api_test.Miscelaneo"/>
  <testcase name="Test_HOME" time="0.81" classname="api_test.Miscelaneo"/>
  <testcase name="Test_PING" time="0.683" classname="api_test.Miscelaneo"/>
</testsuite> <!-- api_test.Miscelaneo -->
