<?xml version="1.0" encoding="UTF-8"?>
<!-- Generated by org.testng.reporters.JUnitXMLReporter -->
<testsuite hostname="DESKTOP-QH19QR8" ignored="0" name="api_test.Users" tests="4" failures="0" timestamp="13 dic 2021 05:17:45 GMT" time="9.761" errors="0">
  <testcase name="Test_User_Login" time="5.265" classname="api_test.Users"/>
  <testcase name="Test_User_Logout" time="1.491" classname="api_test.Users"/>
  <testcase name="Test_User_Registration" time="1.185" classname="api_test.Users"/>
  <testcase name="Test_User_Registration_Existing_User" time="0.638" classname="api_test.Users"/>
</testsuite> <!-- api_test.Users -->
