<?xml version="1.0" encoding="UTF-8"?>
<!-- Generated by org.testng.reporters.JUnitXMLReporter -->
<testsuite hostname="DESKTOP-QH19QR8" ignored="0" name="api_test.ArticlesTests" tests="2" failures="0" timestamp="13 dic 2021 05:17:44 GMT" time="8.948" errors="0">
  <testcase name="Test_Create_Article" time="5.971" classname="api_test.ArticlesTests"/>
  <testcase name="Test_Create_Article_RequestSpecification" time="1.796" classname="api_test.ArticlesTests"/>
</testsuite> <!-- api_test.ArticlesTests -->
