<?xml version="1.0" encoding="UTF-8"?>
<!-- Generated by org.testng.reporters.JUnitXMLReporter -->
<testsuite hostname="DESKTOP-QH19QR8" ignored="0" name="api_test.PostsTests" tests="10" failures="0" timestamp="13 dic 2021 05:17:59 GMT" time="23.712" errors="0">
  <testcase name="Test_Post_All" time="6.243" classname="api_test.PostsTests"/>
  <testcase name="Test_Post_All_Invalid_Token" time="0.837" classname="api_test.PostsTests"/>
  <testcase name="Test_Post_Create" time="1.526" classname="api_test.PostsTests"/>
  <testcase name="Test_Post_Create_Invalid_Form" time="1.331" classname="api_test.PostsTests"/>
  <testcase name="Test_Post_Delete" time="2.795" classname="api_test.PostsTests"/>
  <testcase name="Test_Post_Delete_Not_Found" time="1.348" classname="api_test.PostsTests"/>
  <testcase name="Test_Post_One" time="2.75" classname="api_test.PostsTests"/>
  <testcase name="Test_Post_One_Not_Found" time="1.52" classname="api_test.PostsTests"/>
  <testcase name="Test_Post_Update" time="2.73" classname="api_test.PostsTests"/>
  <testcase name="Test_Post_Update_Not_Found" time="1.429" classname="api_test.PostsTests"/>
</testsuite> <!-- api_test.PostsTests -->
