<?xml version="1.0" encoding="UTF-8"?>
<testsuite xmlns:xsi="http://www.w3.org/2001/XMLSchema-instance" xsi:noNamespaceSchemaLocation="https://maven.apache.org/surefire/maven-surefire-plugin/xsd/surefire-test-report.xsd" name="TestSuite" time="34.101" tests="29" errors="0" skipped="0" failures="0">
  <properties>
[...]
</properties>
  <testcase name="Test_404" classname="api_test.Miscelaneo" time="4.084"/>
  <testcase name="Test_HOME" classname="api_test.Miscelaneo" time="0.826"/>
  <testcase name="Test_User_Login" classname="api_test.Users" time="0.337"/>
  <testcase name="Test_PING" classname="api_test.Miscelaneo" time="0.33"/>
  <testcase name="Test_Create_Article" classname="api_test.ArticlesTests" time="0.711"/>
  <testcase name="Test_Post_All" classname="api_test.PostsTests" time="0.26"/>
  <testcase name="Test_User_Logout" classname="api_test.Users" time="0.514"/>
  <testcase name="Test_Post_All_Invalid_Token" classname="api_test.PostsTests" time="0.341"/>
  <testcase name="Test_Create_Article_RequestSpecification" classname="api_test.ArticlesTests" time="0.669"/>
  <testcase name="Test_Comment_All" classname="api_test.CommentsTests" time="0.807"/>
  <testcase name="Test_User_Registration" classname="api_test.Users" time="0.084"/>
  <testcase name="Test_User_Registration_Existing_User" classname="api_test.Users" time="0.591"/>
  <testcase name="Test_Post_Create" classname="api_test.PostsTests" time="0.617"/>
  <testcase name="Test_Post_Create_Invalid_Form" classname="api_test.PostsTests" time="1.331"/>
  <testcase name="Test_Comment_All_Invalid_Auth" classname="api_test.CommentsTests" time="0.818"/>
  <testcase name="Test_Post_Delete" classname="api_test.PostsTests" time="1.99"/>
  <testcase name="Test_Comment_Create" classname="api_test.CommentsTests" time="0.12"/>
  <testcase name="Test_Comment_Create_FK_Violation" classname="api_test.CommentsTests" time="0.735"/>
  <testcase name="Test_Post_Delete_Not_Found" classname="api_test.PostsTests" time="0.479"/>
  <testcase name="Test_Comment_Delete" classname="api_test.CommentsTests" time="2.268"/>
  <testcase name="Test_Post_One" classname="api_test.PostsTests" time="0.473"/>
  <testcase name="Test_Post_One_Not_Found" classname="api_test.PostsTests" time="1.52"/>
  <testcase name="Test_Comment_Delete_Not_Found" classname="api_test.CommentsTests" time="0.06"/>
  <testcase name="Test_Post_Update" classname="api_test.PostsTests" time="2.668"/>
  <testcase name="Test_Comment_One" classname="api_test.CommentsTests" time="0.579"/>
  <testcase name="Test_Post_Update_Not_Found" classname="api_test.PostsTests" time="0.866"/>
  <testcase name="Test_Comment_One_Not_Found" classname="api_test.CommentsTests" time="2.743"/>
  <testcase name="Test_Comment_Update" classname="api_test.CommentsTests" time="3.963"/>
  <testcase name="Test_Comment_Update_Not_Found" classname="api_test.CommentsTests" time="3.376"/>
</testsuite>